<?xml version="1.0" encoding="UTF-8"?>
<!-- Generated by org.testng.reporters.JUnitReportReporter -->
<testsuite hostname="DESKTOP-4UO7Q0G" failures="0" tests="6" name="day1.group" time="0.041" errors="0" timestamp="2026-02-27T18:31:23 IST" skipped="0">
  <testcase classname="day1.group" name="test7" time="0.002"/>
  <testcase classname="day1.group" name="test5" time="0.004"/>
  <testcase classname="day1.group" name="test6" time="0.002"/>
  <testcase classname="day1.group" name="test3" time="0.004"/>
  <testcase classname="day1.group" name="test2" time="0.020"/>
  <testcase classname="day1.group" name="test4" time="0.009"/>
</testsuite> <!-- day1.group -->
