<?xml version="1.0" encoding="UTF-8"?>
<!-- Generated by org.testng.reporters.JUnitReportReporter -->
<testsuite hostname="DESKTOP-4UO7Q0G" failures="0" tests="3" name="day1.dataprovider" time="22.955" errors="0" timestamp="2026-02-27T18:01:54 IST" skipped="0">
  <testcase classname="day1.dataprovider" name="searchmobile" time="4.976"/>
  <testcase classname="day1.dataprovider" name="searchmobile" time="8.741"/>
  <testcase classname="day1.dataprovider" name="searchmobile" time="9.238"/>
</testsuite> <!-- day1.dataprovider -->
